0 info it worked if it ends with ok
1 verbose cli [ '/usr/local/bin/node',
1 verbose cli   '/usr/local/lib/node_modules/cnpm/node_modules/.bin/npm',
1 verbose cli   '--userconfig=/Users/duyangsir/.cnpmrc',
1 verbose cli   '--disturl=https://npm.taobao.org/mirrors/node',
1 verbose cli   '--registry=https://registry.npm.taobao.org',
1 verbose cli   'run',
1 verbose cli   'dev' ]
2 info using npm@3.10.10
3 info using node@v8.6.0
4 verbose run-script [ 'predev', 'dev', 'postdev' ]
5 info lifecycle dy@1.0.0~predev: dy@1.0.0
6 silly lifecycle dy@1.0.0~predev: no script for predev, continuing
7 info lifecycle dy@1.0.0~dev: dy@1.0.0
8 verbose lifecycle dy@1.0.0~dev: unsafe-perm in lifecycle true
9 verbose lifecycle dy@1.0.0~dev: PATH: /usr/local/lib/node_modules/cnpm/node_modules/npm/bin/node-gyp-bin:/Users/duyangsir/Documents/GitHub/vue-b/vue-b/node_modules/.bin:/Library/Frameworks/Python.framework/Versions/3.5/bin:/usr/local/bin:/usr/bin:/bin:/usr/sbin:/sbin:/Library/Frameworks/Mono.framework/Versions/Current/Commands:/Library/Frameworks/Python.framework/Versions/3.5/bin
10 verbose lifecycle dy@1.0.0~dev: CWD: /Users/duyangsir/Documents/GitHub/vue-b/vue-b
11 silly lifecycle dy@1.0.0~dev: Args: [ '-c',
11 silly lifecycle   'webpack-dev-server --inline --progress --config build/webpack.dev.conf.js' ]
12 info lifecycle dy@1.0.0~dev: Failed to exec dev script
13 verbose stack Error: dy@1.0.0 dev: `webpack-dev-server --inline --progress --config build/webpack.dev.conf.js`
13 verbose stack spawn ENOENT
13 verbose stack     at ChildProcess.<anonymous> (/usr/local/lib/node_modules/cnpm/node_modules/npm/lib/utils/spawn.js:33:16)
13 verbose stack     at emitTwo (events.js:125:13)
13 verbose stack     at ChildProcess.emit (events.js:213:7)
13 verbose stack     at maybeClose (internal/child_process.js:927:16)
13 verbose stack     at Process.ChildProcess._handle.onexit (internal/child_process.js:211:5)
14 verbose pkgid dy@1.0.0
15 verbose cwd /Users/duyangsir/Documents/GitHub/vue-b/vue-b
16 error Darwin 17.3.0
17 error argv "/usr/local/bin/node" "/usr/local/lib/node_modules/cnpm/node_modules/.bin/npm" "--userconfig=/Users/duyangsir/.cnpmrc" "--disturl=https://npm.taobao.org/mirrors/node" "--registry=https://registry.npm.taobao.org" "run" "dev"
18 error node v8.6.0
19 error npm  v3.10.10
20 error file sh
21 error code ELIFECYCLE
22 error errno ENOENT
23 error syscall spawn
24 error dy@1.0.0 dev: `webpack-dev-server --inline --progress --config build/webpack.dev.conf.js`
24 error spawn ENOENT
25 error Failed at the dy@1.0.0 dev script 'webpack-dev-server --inline --progress --config build/webpack.dev.conf.js'.
25 error Make sure you have the latest version of node.js and npm installed.
25 error If you do, this is most likely a problem with the dy package,
25 error not with npm itself.
25 error Tell the author that this fails on your system:
25 error     webpack-dev-server --inline --progress --config build/webpack.dev.conf.js
25 error You can get information on how to open an issue for this project with:
25 error     npm bugs dy
25 error Or if that isn't available, you can get their info via:
25 error     npm owner ls dy
25 error There is likely additional logging output above.
26 verbose exit [ 1, true ]
